Arguments: 
  C:\Program Files\nodejs\node.exe C:\Users\Administrator\AppData\Roaming\npm\node_modules\yarn\bin\yarn.js add lokijs

PATH: 
  C:\windows\system32;C:\windows;C:\windows\System32\Wbem;C:\windows\System32\WindowsPowerShell\v1.0\;C:\Program Files\nodejs\;D:\softwaredownload\Git\Git\cmd;D:\softwaredownload\MongGo\bin;C:\Program Files\MySQL\MySQL Utilities 1.6\;D:\softwaredownload\100\Tools\Binn\;D:\softwaredownload\mysql\100\Tools\Binn\;D:\softwaredownload\mysql\100\DTS\Binn\;D:\softwaredownload\100\Tools\Binn\VSShell\Common7\IDE\;C:\Program Files (x86)\Microsoft Visual Studio 9.0\Common7\IDE\PrivateAssemblies\;D:\softwaredownload\100\DTS\Binn\;C:\Users\Administrator\AppData\Roaming\npm

Yarn version: 
  1.5.1

Node version: 
  8.9.3

Platform: 
  win32 x64

npm manifest: 
  {
    "name": "moment_note",
    "version": "1.0.0",
    "description": "",
    "main": "index.js",
    "dependencies": {
      "react-scripts": "1.0.14",
      "react": "^16.0.0",
      "react-dom": "^16.0.0",
      "semantic-ui-css": "^2.2.12"
    },
    "scripts": {
      "start": "react-scripts start",
      "test": "echo \"Error: no test specified\" && exit 1"
    },
    "author": "",
    "license": "ISC"
  }

yarn manifest: 
  No manifest

Lockfile: 
  No lockfile

Trace: 
  Error: ENOENT: no such file or directory, copyfile 'C:\Users\Administrator\AppData\Local\Yarn\Cache\v1\npm-ansi-regex-3.0.0-ed0317c322064f79466c02966bddb605ab37d998\index.js' -> 'e:\workspace\hello-world\react_study\MOMENT_NOTE\node_modules\ansi-align\node_modules\ansi-regex\index.js'
